[debug] [2019-02-16T06:31:12.621Z] ----------------------------------------------------------------------
[debug] [2019-02-16T06:31:12.624Z] Command:       C:\Program Files\nodejs\node.exe C:\Users\Admn\AppData\Roaming\npm\node_modules\firebase-tools\lib\bin\firebase.js init
[debug] [2019-02-16T06:31:12.624Z] CLI Version:   6.3.1
[debug] [2019-02-16T06:31:12.624Z] Platform:      win32
[debug] [2019-02-16T06:31:12.624Z] Node Version:  v10.15.1
[debug] [2019-02-16T06:31:12.625Z] Time:          Sat Feb 16 2019 12:01:12 GMT+0530 (India Standard Time)
[debug] [2019-02-16T06:31:12.625Z] ----------------------------------------------------------------------
[debug] 
[debug] [2019-02-16T06:31:12.639Z] > command requires scopes: ["email","openid","https://www.googleapis.com/auth/cloudplatformprojects.readonly","https://www.googleapis.com/auth/firebase","https://www.googleapis.com/auth/cloud-platform"]
[debug] [2019-02-16T06:31:12.639Z] > authorizing via signed-in user
[info] 
     ######## #### ########  ######## ########     ###     ######  ########
     ##        ##  ##     ## ##       ##     ##  ##   ##  ##       ##
     ######    ##  ########  ######   ########  #########  ######  ######
     ##        ##  ##    ##  ##       ##     ## ##     ##       ## ##
     ##       #### ##     ## ######## ########  ##     ##  ######  ########

You're about to initialize a Firebase project in this directory:

  C:\Users\Admn

Before we get started, keep in mind:

  * You are initializing in an existing Firebase project directory

